<?xml version="1.0" encoding="UTF-8"?>
<!-- Generated by org.testng.reporters.JUnitXMLReporter -->
<testsuite hostname="PRINHYLTPDL0519" tests="3" failures="2" timestamp="12 Jan 2018 09:48:19 GMT" time="0.581" errors="0">
  <testcase name="testAssert" time="0.009" classname="TestNGAssertions"/>
  <testcase name="testAssert1" time="0.004" classname="TestNGAssertions">
    <failure type="java.lang.AssertionError" message="expected [Babu] but found [Madhu]">
      <![CDATA[java.lang.AssertionError: expected [Babu] but found [Madhu]
	at TestNGAssertions.testAssert1(TestNGAssertions.java:25)
... Removed 29 stack frames]]>
    </failure>
  </testcase> <!-- testAssert1 -->
  <testcase name="testAssert2" time="0.001" classname="TestNGAssertions">
    <failure type="java.lang.AssertionError" message="expected [Babu] but found [Madhu]">
      <![CDATA[java.lang.AssertionError: expected [Babu] but found [Madhu]
	at TestNGAssertions.testAssert2(TestNGAssertions.java:34)
... Removed 29 stack frames]]>
    </failure>
  </testcase> <!-- testAssert2 -->
</testsuite>
